  snake.c
C:\Users\caspe\Desktop\Visual Studio projects\Snake\snake.c(46,1): warning C4133: 'initializing': incompatible types - from 'uint8 *' to 'uint32 *'
  snake_math.c
C:\Users\caspe\Desktop\Visual Studio projects\Snake\snake_math.c(14,37): warning C4244: 'return': conversion from 'float32' to 'int32', possible loss of data
  win32_snake.c
C:\Users\caspe\Desktop\Visual Studio projects\Snake\win32_snake.c(90,82): warning C4244: 'function': conversion from 'float32' to 'int', possible loss of data
C:\Users\caspe\Desktop\Visual Studio projects\Snake\win32_snake.c(100,94): warning C4244: 'function': conversion from 'float32' to 'int', possible loss of data
C:\Users\caspe\Desktop\Visual Studio projects\Snake\win32_snake.c(84,1): warning C4244: 'initializing': conversion from 'float32' to 'int32', possible loss of data
C:\Users\caspe\Desktop\Visual Studio projects\Snake\win32_snake.c(94,1): warning C4244: 'initializing': conversion from 'float32' to 'int32', possible loss of data
C:\Users\caspe\Desktop\Visual Studio projects\Snake\win32_snake.c(151,71): warning C4133: 'function': incompatible types - from 'bool32 *' to 'keyboard_key_state *'
C:\Users\caspe\Desktop\Visual Studio projects\Snake\win32_snake.c(154,71): warning C4133: 'function': incompatible types - from 'bool32 *' to 'keyboard_key_state *'
C:\Users\caspe\Desktop\Visual Studio projects\Snake\win32_snake.c(157,71): warning C4133: 'function': incompatible types - from 'bool32 *' to 'keyboard_key_state *'
C:\Users\caspe\Desktop\Visual Studio projects\Snake\win32_snake.c(160,71): warning C4133: 'function': incompatible types - from 'bool32 *' to 'keyboard_key_state *'
C:\Users\caspe\Desktop\Visual Studio projects\Snake\win32_snake.c(163,72): warning C4133: 'function': incompatible types - from 'bool32 *' to 'keyboard_key_state *'
C:\Users\caspe\Desktop\Visual Studio projects\Snake\win32_snake.c(166,74): warning C4133: 'function': incompatible types - from 'bool32 *' to 'keyboard_key_state *'
C:\Users\caspe\Desktop\Visual Studio projects\Snake\win32_snake.c(169,74): warning C4133: 'function': incompatible types - from 'bool32 *' to 'keyboard_key_state *'
C:\Users\caspe\Desktop\Visual Studio projects\Snake\win32_snake.c(172,75): warning C4133: 'function': incompatible types - from 'bool32 *' to 'keyboard_key_state *'
C:\Users\caspe\Desktop\Visual Studio projects\Snake\win32_snake.c(175,71): warning C4133: 'function': incompatible types - from 'bool32 *' to 'keyboard_key_state *'
C:\Users\caspe\Desktop\Visual Studio projects\Snake\win32_snake.c(223,36): warning C4133: 'function': incompatible types - from 'WNDCLASSA *' to 'const WNDCLASSW *'
C:\Users\caspe\Desktop\Visual Studio projects\Snake\win32_snake.c(227,59): warning C4133: 'function': incompatible types - from 'LPCSTR' to 'LPCWSTR'
C:\Users\caspe\Desktop\Visual Studio projects\Snake\win32_snake.c(284,46): warning C4244: 'function': conversion from 'float32' to 'DWORD', possible loss of data
  Generating code
  0 of 18 functions ( 0.0%) were compiled, the rest were copied from previous compilation.
    0 functions were new in current compilation
    0 functions had inline decision re-evaluated but remain unchanged
  Finished generating code
  Snake.vcxproj -> C:\Users\caspe\Desktop\Visual Studio projects\Snake\Release\Snake.exe
